{
  message: { url: '/api/notes/testPost', method: 'GET', body: {} },
  level: 'info',
  timestamp: '2024-04-03T05:50:23.184Z'
}
{
  message: { url: '/api/notes', method: 'GET', body: {} },
  level: 'info',
  timestamp: '2024-04-03T06:33:22.157Z'
}
{
  message: { url: '/api/notes', method: 'GET', body: {} },
  level: 'info',
  timestamp: '2024-04-03T06:43:57.286Z'
}
{
  message: { url: '/api/notes/', method: 'GET', body: {} },
  level: 'info',
  timestamp: '2024-04-03T06:44:02.897Z'
}
{
  message: { url: '/api/notes/', method: 'GET', body: {} },
  level: 'info',
  timestamp: '2024-04-03T06:44:19.224Z'
}
{
  message: { url: '/api/notes', method: 'GET', body: {} },
  level: 'info',
  timestamp: '2024-04-03T06:52:55.706Z'
}
{
  message: { url: '/api/notes', method: 'GET', body: {} },
  level: 'info',
  timestamp: '2024-04-03T06:53:25.291Z'
}
{
  message: { url: '/api/notes', method: 'GET', body: {} },
  level: 'info',
  timestamp: '2024-04-03T06:55:05.826Z'
}
{
  message: { url: '/api/notes', method: 'GET', body: {} },
  level: 'info',
  timestamp: '2024-04-03T06:56:34.352Z'
}
{
  message: { url: '/api/notes', method: 'GET', body: {} },
  level: 'info',
  timestamp: '2024-04-03T06:57:51.765Z'
}
{
  message: { url: '/api/notes', method: 'GET', body: {} },
  level: 'info',
  timestamp: '2024-04-03T08:09:00.888Z'
}
{
  message: { url: '/api/notes', method: 'GET', body: {} },
  level: 'info',
  timestamp: '2024-04-03T08:09:26.378Z'
}
{
  message: { url: '/api/notes', method: 'GET', body: {} },
  level: 'info',
  timestamp: '2024-04-03T08:11:23.902Z'
}
{
  message: { url: '/api/notes', method: 'GET', body: {} },
  level: 'info',
  timestamp: '2024-04-03T08:11:25.210Z'
}
{
  message: { url: '/api/notes', method: 'GET', body: {} },
  level: 'info',
  timestamp: '2024-04-03T08:15:41.964Z'
}
{
  message: { url: '/api/notes', method: 'GET', body: {} },
  level: 'info',
  timestamp: '2024-04-03T08:15:42.333Z'
}
{
  message: { url: '/api/notes', method: 'GET', body: {} },
  level: 'info',
  timestamp: '2024-04-03T08:15:42.355Z'
}
